C51 COMPILER V7.10   SYN6288                                                               11/27/2014 15:37:31 PAGE 1   


C51 COMPILER V7.10, COMPILATION OF MODULE SYN6288
OBJECT MODULE PLACED IN ..\obj\SYN6288.obj
COMPILER INVOKED BY: C:\Keil\C51\BIN\C51.EXE ..\code\SYN6288.C BROWSE INCDIR(..\code;..\user) DEBUG OBJECTEXTEND PRINT(.
                    -\SYN6288.lst) TABS(5) OBJECT(..\obj\SYN6288.obj)

line level    source

   1          /***************************乐声电子科技有限公司****************************
   2          **  工程名称：YS-SYN6288语音合成配套程序
   3          **   CPU: STC89LE52
   4          **   晶振：22.1184MHZ
   5          **   波特率：9600 bit/S
   6          **   配套产品信息：YS-SYN6288语音合成模块
   7          **                http://yuesheng001.taobao.com
   8          **  作者：zdings
   9          **  联系：751956552@qq.com
  10          **  修改日期：2012.8.25
  11          **  说明：。。
  12          /***************************乐声电子科技有限公司******************************/
  13          
  14          #include "config.h"
  15          
  16          
  17          
  18          /**************芯片设置命令*********************/
  19          uint8_t SYN_StopCom[]={0xFD,0X00,0X02,0X02,0XFD};//停止合成
  20          uint8_t SYN_SuspendCom[]={0XFD,0X00,0X02,0X03,0XFC};//暂停合成
  21          uint8_t SYN_RecoverCom[]={0XFD,0X00,0X02,0X04,0XFB};//恢复合成
  22          uint8_t SYN_ChackCom[]={0XFD,0X00,0X02,0X21,0XDE};//状态查询
  23          uint8_t SYN_PowerDownCom[]={0XFD,0X00,0X02,0X88,0X77};//进入POWER DOWN 状态命令
  24          
  25          /***********************************************/
  26          
  27          
  28          
  29          /***********************************************************
  30          * 名    称：  YS-SYN6288 文本合成函数
  31          * 功    能：  发送合成文本到SYN6288芯片进行合成播放
  32          * 入口参数：Music(背景音乐选择):0无背景音乐。1-15：相关背景音乐
  33                      *HZdata:文本指针变量 
  34          * 出口参数：
  35          * 说    明： 本函数只用于文本合成，具备背景音乐选择。默认波特率9600bps。                        
  36          * 调用方法：例： SYN_FrameInfo（0，“乐声电子科技”）；
  37          **********************************************************/
  38          void SYN_FrameInfo(uint8_t Music,uint8_t *HZdata)
  39          {
  40   1      /****************需要发送的文本**********************************/ 
  41   1                 unsigned  char  Frame_Info[5];
  42   1               unsigned  char  HZ_Length;  
  43   1                 unsigned  char  ecc  = 0;              //定义校验字节
  44   1                unsigned  int i=0; 
  45   1                 HZ_Length =strlen(HZdata);             //需要发送文本的长度
  46   1       
  47   1      /*****************帧固定配置信息**************************************/           
  48   1                 Frame_Info[0] = 0xFD ;            //构造帧头FD
  49   1                 Frame_Info[1] = 0x00 ;            //构造数据区长度的高字节
  50   1                 Frame_Info[2] = HZ_Length + 3;         //构造数据区长度的低字节
  51   1                 Frame_Info[3] = 0x01 ;            //构造命令字：合成播放命令                    
  52   1                 Frame_Info[4] = 0x01 | Music<<4 ;  //构造命令参数：背景音乐设定
  53   1      
  54   1      /*******************校验码计算***************************************/           
C51 COMPILER V7.10   SYN6288                                                               11/27/2014 15:37:31 PAGE 2   

  55   1                 for(i = 0; i<5; i++)                   //依次发送构造好的5个帧头字节
  56   1                {  
  57   2                    ecc=ecc^(Frame_Info[i]);       //对发送的字节进行异或校验    
  58   2                }
  59   1      
  60   1                 for(i= 0; i<HZ_Length; i++)            //依次发送待合成的文本数据
  61   1                {  
  62   2                    ecc=ecc^(HZdata[i]);                     //对发送的字节进行异或校验         
  63   2                }          
  64   1      /*******************发送帧信息***************************************/            
  65   1                 PrintCom(Frame_Info,5); //发送帧配置
*** ERROR C208 IN LINE 65 OF ..\CODE\SYN6288.C: '_PrintCom': too many actual parameters
  66   1                 PrintCom(HZdata,HZ_Length); //发送文本
*** ERROR C208 IN LINE 66 OF ..\CODE\SYN6288.C: '_PrintCom': too many actual parameters
  67   1                 UARTSendByte(ecc);    //发送纠错码
  68   1      }
  69          
  70          
  71          /***********************************************************
  72          * 名    称： void  main(void)
  73          * 功    能： 主函数 程序入口
  74          * 入口参数： *Info_data:固定的配置信息变量 
  75          * 出口参数：
  76          * 说    明：本函数用于配置，停止合成、暂停合成等设置 ，默认波特率9600bps。                      
  77          * 调用方法：通过调用已经定义的相关数组进行配置。 
  78          **********************************************************/
  79          void YS_SYN_Set(uint8_t *Info_data)
  80          {
  81   1           uint8_t Com_Len;
  82   1           Com_Len =strlen(Info_data);
  83   1           PrintCom(Info_data,Com_Len);
*** ERROR C208 IN LINE 83 OF ..\CODE\SYN6288.C: '_PrintCom': too many actual parameters
  84   1      }
  85          
  86          
  87          
  88          

C51 COMPILATION COMPLETE.  0 WARNING(S),  3 ERROR(S)
