Determining if the pthread_create exist failed with the following output:
Change Dir: /home/robot/catkin_ws_base/build/CMakeFiles/CMakeTmp

Run Build Command:"/usr/bin/make" "cmTryCompileExec2082888509/fast"
/usr/bin/make -f CMakeFiles/cmTryCompileExec2082888509.dir/build.make CMakeFiles/cmTryCompileExec2082888509.dir/build
make[1]: Entering directory `/home/robot/catkin_ws_base/build/CMakeFiles/CMakeTmp'
/usr/bin/cmake -E cmake_progress_report /home/robot/catkin_ws_base/build/CMakeFiles/CMakeTmp/CMakeFiles 1
Building C object CMakeFiles/cmTryCompileExec2082888509.dir/CheckSymbolExists.c.o
/usr/bin/cc    -o CMakeFiles/cmTryCompileExec2082888509.dir/CheckSymbolExists.c.o   -c /home/robot/catkin_ws_base/build/CMakeFiles/CMakeTmp/CheckSymbolExists.c
Linking C executable cmTryCompileExec2082888509
/usr/bin/cmake -E cmake_link_script CMakeFiles/cmTryCompileExec2082888509.dir/link.txt --verbose=1
/usr/bin/cc       CMakeFiles/cmTryCompileExec2082888509.dir/CheckSymbolExists.c.o  -o cmTryCompileExec2082888509 -rdynamic 
CMakeFiles/cmTryCompileExec2082888509.dir/CheckSymbolExists.c.o: In function `main':
CheckSymbolExists.c:(.text+0x16): undefined reference to `pthread_create'
collect2: error: ld returned 1 exit status
make[1]: Leaving directory `/home/robot/catkin_ws_base/build/CMakeFiles/CMakeTmp'
make[1]: *** [cmTryCompileExec2082888509] Error 1
make: *** [cmTryCompileExec2082888509/fast] Error 2

File /home/robot/catkin_ws_base/build/CMakeFiles/CMakeTmp/CheckSymbolExists.c:
/* */
#include <pthread.h>

int main(int argc, char** argv)
{
  (void)argv;
#ifndef pthread_create
  return ((int*)(&pthread_create))[argc];
#else
  (void)argc;
  return 0;
#endif
}

Determining if the function pthread_create exists in the pthreads failed with the following output:
Change Dir: /home/robot/catkin_ws_base/build/CMakeFiles/CMakeTmp

Run Build Command:"/usr/bin/make" "cmTryCompileExec3956448250/fast"
/usr/bin/make -f CMakeFiles/cmTryCompileExec3956448250.dir/build.make CMakeFiles/cmTryCompileExec3956448250.dir/build
make[1]: Entering directory `/home/robot/catkin_ws_base/build/CMakeFiles/CMakeTmp'
/usr/bin/cmake -E cmake_progress_report /home/robot/catkin_ws_base/build/CMakeFiles/CMakeTmp/CMakeFiles 1
Building C object CMakeFiles/cmTryCompileExec3956448250.dir/CheckFunctionExists.c.o
/usr/bin/cc   -DCHECK_FUNCTION_EXISTS=pthread_create   -o CMakeFiles/cmTryCompileExec3956448250.dir/CheckFunctionExists.c.o   -c /usr/share/cmake-3.0/Modules/CheckFunctionExists.c
Linking C executable cmTryCompileExec3956448250
/usr/bin/cmake -E cmake_link_script CMakeFiles/cmTryCompileExec3956448250.dir/link.txt --verbose=1
/usr/bin/cc   -DCHECK_FUNCTION_EXISTS=pthread_create    CMakeFiles/cmTryCompileExec3956448250.dir/CheckFunctionExists.c.o  -o cmTryCompileExec3956448250 -rdynamic -lpthreads 
/usr/bin/ld: cannot find -lpthreads
collect2: error: ld returned 1 exit status
make[1]: Leaving directory `/home/robot/catkin_ws_base/build/CMakeFiles/CMakeTmp'
make[1]: *** [cmTryCompileExec3956448250] Error 1
make: *** [cmTryCompileExec3956448250/fast] Error 2


